--------------------------
Iteration : 0
Stopping criteria: 122.88604984681417
Total Energy: -122.88604984681417
--------------------------
Iteration : 1
Stopping criteria: 10.497477477438835
Total Energy: -133.383527324253
--------------------------
Iteration : 2
Stopping criteria: 14.136069276167547
Total Energy: -147.51959660042056
--------------------------
Iteration : 3
Stopping criteria: 1.7677837436405641
Total Energy: -147.93041246079707
--------------------------
Iteration : 4
Stopping criteria: 1.4570079329422574
Total Energy: -148.1731157043551
--------------------------
Iteration : 5
Stopping criteria: 0.8475675035669893
Total Energy: -148.26138760906525
--------------------------
Iteration : 6
Stopping criteria: 0.20791834410101498
Total Energy: -148.38215884036404
--------------------------
Iteration : 7
Stopping criteria: 0.040143142474371625
Total Energy: -148.3824126913223
--------------------------
Iteration : 8
Stopping criteria: 0.01998411466759937
Total Energy: -148.3827716122336
--------------------------
Iteration : 9
Stopping criteria: 0.006088906405031059
Total Energy: -148.382780163295
--------------------------
Iteration : 10
Stopping criteria: 0.002829887115376508
Total Energy: -148.38279121924919
--------------------------
Iteration : 11
Stopping criteria: 0.0010835687614612307
Total Energy: -148.38279141785685
--------------------------
Iteration : 12
Stopping criteria: 0.0003015608803519828
Total Energy: -148.3827916564952
--------------------------
Iteration : 13
Stopping criteria: 0.00013638865849783036
Total Energy: -148.382791660784
--------------------------
Iteration : 14
Stopping criteria: 5.460861441189314e-5
Total Energy: -148.3827916660058
--------------------------
Iteration : 15
Stopping criteria: 2.6047580223279646e-5
Total Energy: -148.38279166613245
--------------------------
Iteration : 16
Stopping criteria: 6.5563222494138645e-6
Total Energy: -148.38279166628251
--------------------------
Iteration : 17
Stopping criteria: 3.2603661143712993e-6
Total Energy: -148.38279166628504
--------------------------
Iteration : 18
Stopping criteria: 1.1891874997952088e-6
Total Energy: -148.382791666288
--------------------------
Iteration : 19
Stopping criteria: 5.043313405723977e-7
Total Energy: -148.38279166628803
--------------------------
Iteration : 20
Stopping criteria: 3.441720287109372e-7
Total Energy: -148.38279166628817
--------------------------
Iteration : 21
Stopping criteria: 4.2353622264606136e-7
Total Energy: -148.38279166628823
--------------------------
Iteration : 22
Stopping criteria: 2.842170943040401e-14
Total Energy: -148.3827916662882
